<?xml version="1.0" encoding="UTF-8"?>
<testng-results ignored="0" total="2" passed="2" failed="0" skipped="0">
  <reporter-output>
  </reporter-output>
  <suite started-at="2019-12-11T23:17:52 IST" name="Suite" finished-at="2019-12-11T23:18:33 IST" duration-ms="40520">
    <groups>
    </groups>
    <test started-at="2019-12-11T23:17:52 IST" name="Test" finished-at="2019-12-11T23:18:33 IST" duration-ms="40520">
      <class name="gmailproject.gmailproject.Ttitle">
        <test-method is-config="true" signature="beforemethod(java.lang.String, java.lang.String)[pri:0, instance:gmailproject.gmailproject.Ttitle@175b9425]" started-at="2019-12-11T23:17:52 IST" name="beforemethod" finished-at="2019-12-11T23:18:30 IST" duration-ms="37887" status="PASS">
          <params>
            <param index="0">
              <value is-null="true"/>
            </param>
            <param index="1">
              <value>
                <![CDATA[chrome]]>
              </value>
            </param>
          </params>
          <reporter-output>
          </reporter-output>
        </test-method> <!-- beforemethod -->
        <test-method is-config="true" signature="beforemethod(java.lang.String, java.lang.String)[pri:0, instance:gmailproject.gmailproject.Ttitle@175b9425]" started-at="2019-12-11T23:17:52 IST" name="beforemethod" finished-at="2019-12-11T23:18:30 IST" duration-ms="38133" status="PASS">
          <params>
            <param index="0">
              <value is-null="true"/>
            </param>
            <param index="1">
              <value>
                <![CDATA[chrome]]>
              </value>
            </param>
          </params>
          <reporter-output>
          </reporter-output>
        </test-method> <!-- beforemethod -->
        <test-method signature="test2()[pri:0, instance:gmailproject.gmailproject.Ttitle@175b9425]" started-at="2019-12-11T23:18:30 IST" name="test2" finished-at="2019-12-11T23:18:30 IST" duration-ms="24" status="PASS">
          <reporter-output>
          </reporter-output>
        </test-method> <!-- test2 -->
        <test-method is-config="true" signature="aftermethod()[pri:0, instance:gmailproject.gmailproject.Ttitle@175b9425]" started-at="2019-12-11T23:18:30 IST" name="aftermethod" finished-at="2019-12-11T23:18:33 IST" duration-ms="2348" status="PASS">
          <reporter-output>
          </reporter-output>
        </test-method> <!-- aftermethod -->
        <test-method signature="test1()[pri:0, instance:gmailproject.gmailproject.Ttitle@175b9425]" started-at="2019-12-11T23:18:30 IST" name="test1" finished-at="2019-12-11T23:18:31 IST" duration-ms="15" status="PASS">
          <reporter-output>
          </reporter-output>
        </test-method> <!-- test1 -->
        <test-method is-config="true" signature="aftermethod()[pri:0, instance:gmailproject.gmailproject.Ttitle@175b9425]" started-at="2019-12-11T23:18:31 IST" name="aftermethod" finished-at="2019-12-11T23:18:33 IST" duration-ms="2314" status="PASS">
          <reporter-output>
          </reporter-output>
        </test-method> <!-- aftermethod -->
      </class> <!-- gmailproject.gmailproject.Ttitle -->
    </test> <!-- Test -->
  </suite> <!-- Suite -->
</testng-results>
